0	16:51:56.672	BuyAndSell NAS100,H1: current symbol : NAS100
0	16:51:56.672	BuyAndSell AUS200,H1: current symbol : AUS200
0	16:51:57.047	BuyAndSell EURUSD,H4: current symbol : EURUSD
0	16:51:59.885	BuyAndSell NAS100,H1: current symbol : NAS100 Marklet close now
0	16:51:59.885	BuyAndSell AUS200,H1: current symbol : AUS200 Marklet close now
0	16:52:00.041	BuyAndSell EURUSD,H4: current symbol : EURUSD Marklet close now
0	16:52:00.701	BuyAndSell Coffee,Daily: current symbol : Coffee Marklet close now
0	16:52:02.666	BuyAndSell Coffee,Daily: current symbol : Coffee Marklet close now
0	16:52:02.666	BuyAndSell NAS100,H1: current symbol : NAS100 Marklet close now
0	16:52:02.666	BuyAndSell AUS200,H1: current symbol : AUS200 Marklet close now
0	16:52:03.041	BuyAndSell EURUSD,H4: current symbol : EURUSD Marklet close now
0	16:52:05.675	BuyAndSell Coffee,Daily: current symbol : Coffee Marklet close now
0	16:52:05.675	BuyAndSell NAS100,H1: current symbol : NAS100 Marklet close now
0	16:52:05.675	BuyAndSell AUS200,H1: current symbol : AUS200 Marklet close now
0	16:52:06.159	BuyAndSell EURUSD,H4: current symbol : EURUSD Marklet close now
0	16:52:08.672	BuyAndSell Coffee,Daily: current symbol : Coffee Marklet close now
0	16:52:08.672	BuyAndSell NAS100,H1: current symbol : NAS100 Marklet close now
0	16:52:08.672	BuyAndSell AUS200,H1: current symbol : AUS200 Marklet close now
0	16:52:09.042	BuyAndSell EURUSD,H4: current symbol : EURUSD Marklet close now
0	16:52:11.671	BuyAndSell Coffee,Daily: current symbol : Coffee Marklet close now
0	16:52:11.671	BuyAndSell AUS200,H1: current symbol : AUS200 Marklet close now
0	16:52:11.671	BuyAndSell NAS100,H1: current symbol : NAS100 Marklet close now
0	21:50:54.122	BuyAndSell EURUSD,H4: current symbol : EURUSD Marklet close now
0	21:50:56.656	BuyAndSell Coffee,Daily: current symbol : Coffee Marklet close now
0	21:50:56.656	BuyAndSell NAS100,H1: current symbol : NAS100 Marklet close now
0	21:50:56.656	BuyAndSell AUS200,H1: current symbol : AUS200 Marklet close now
0	21:50:57.031	BuyAndSell EURUSD,H4: current symbol : EURUSD Marklet close now
0	21:50:59.646	BuyAndSell Coffee,Daily: current symbol : Coffee Marklet close now
0	21:50:59.646	BuyAndSell NAS100,H1: current symbol : NAS100 Marklet close now
0	21:50:59.646	BuyAndSell AUS200,H1: current symbol : AUS200 Marklet close now
0	21:51:00.022	BuyAndSell EURUSD,H4: current symbol : EURUSD Marklet close now
0	21:51:02.657	BuyAndSell NAS100,H1: current symbol : NAS100 Marklet close now
0	21:51:02.657	BuyAndSell Coffee,Daily: current symbol : Coffee Marklet close now
0	21:51:02.657	BuyAndSell AUS200,H1: current symbol : AUS200 Marklet close now
0	21:51:03.048	BuyAndSell EURUSD,H4: current symbol : EURUSD Marklet close now
0	21:51:05.652	BuyAndSell Coffee,Daily: current symbol : Coffee Marklet close now
0	21:51:05.652	BuyAndSell NAS100,H1: current symbol : NAS100 Marklet close now
0	21:51:05.652	BuyAndSell AUS200,H1: current symbol : AUS200 Marklet close now
0	21:51:06.038	BuyAndSell EURUSD,H4: current symbol : EURUSD Marklet close now
0	21:51:08.646	BuyAndSell NAS100,H1: current symbol : NAS100 Marklet close now
0	21:51:08.646	BuyAndSell Coffee,Daily: current symbol : Coffee Marklet close now
0	21:51:08.646	BuyAndSell AUS200,H1: current symbol : AUS200 Marklet close now
0	21:51:09.036	BuyAndSell EURUSD,H4: current symbol : EURUSD Marklet close now
0	21:51:11.652	BuyAndSell Coffee,Daily: current symbol : Coffee Marklet close now
0	21:51:11.652	BuyAndSell NAS100,H1: current symbol : NAS100 Marklet close now
0	21:51:11.652	BuyAndSell AUS200,H1: current symbol : AUS200 Marklet close now
0	21:51:12.058	BuyAndSell EURUSD,H4: current symbol : EURUSD Marklet close now
0	21:51:14.656	BuyAndSell Coffee,Daily: current symbol : Coffee Marklet close now
0	21:51:14.656	BuyAndSell NAS100,H1: current symbol : NAS100 Marklet close now
0	21:51:14.656	BuyAndSell AUS200,H1: current symbol : AUS200 Marklet close now
0	21:51:15.312	BuyAndSell EURUSD,H4: current symbol : EURUSD Marklet close now
0	21:51:17.650	BuyAndSell Coffee,Daily: current symbol : Coffee Marklet close now
0	21:51:17.650	BuyAndSell NAS100,H1: current symbol : NAS100 Marklet close now
0	21:51:17.650	BuyAndSell AUS200,H1: current symbol : AUS200 Marklet close now
0	21:51:18.058	BuyAndSell EURUSD,H4: current symbol : EURUSD Marklet close now
0	21:51:20.648	BuyAndSell Coffee,Daily: current symbol : Coffee Marklet close now
0	21:51:20.648	BuyAndSell NAS100,H1: current symbol : NAS100 Marklet close now
0	21:51:20.648	BuyAndSell AUS200,H1: current symbol : AUS200 Marklet close now
0	21:51:21.054	BuyAndSell EURUSD,H4: current symbol : EURUSD Marklet close now
0	21:51:23.658	BuyAndSell Coffee,Daily: current symbol : Coffee Marklet close now
0	21:51:23.658	BuyAndSell NAS100,H1: current symbol : NAS100 Marklet close now
0	21:51:23.658	BuyAndSell AUS200,H1: current symbol : AUS200 Marklet close now
0	21:51:24.096	BuyAndSell EURUSD,H4: current symbol : EURUSD Marklet close now
0	21:51:26.840	BuyAndSell Coffee,Daily: current symbol : Coffee Marklet close now
0	21:51:26.856	BuyAndSell NAS100,H1: current symbol : NAS100 Marklet close now
0	21:51:26.856	BuyAndSell AUS200,H1: current symbol : AUS200 Marklet close now
0	21:51:27.162	BuyAndSell EURUSD,H4: current symbol : EURUSD Marklet close now
0	21:51:29.657	BuyAndSell Coffee,Daily: current symbol : Coffee Marklet close now
0	21:51:29.657	BuyAndSell NAS100,H1: current symbol : NAS100 Marklet close now
0	21:51:29.657	BuyAndSell AUS200,H1: current symbol : AUS200 Marklet close now
0	21:51:30.111	BuyAndSell EURUSD,H4: current symbol : EURUSD Marklet close now
0	21:51:32.649	BuyAndSell Coffee,Daily: current symbol : Coffee Marklet close now
0	21:51:32.649	BuyAndSell NAS100,H1: current symbol : NAS100 Marklet close now
0	21:51:32.649	BuyAndSell AUS200,H1: current symbol : AUS200 Marklet close now
0	21:51:33.102	BuyAndSell EURUSD,H4: current symbol : EURUSD Marklet close now
0	21:51:35.654	BuyAndSell Coffee,Daily: current symbol : Coffee Marklet close now
0	21:51:35.654	BuyAndSell NAS100,H1: current symbol : NAS100 Marklet close now
0	21:51:35.654	BuyAndSell AUS200,H1: current symbol : AUS200 Marklet close now
0	21:51:36.103	BuyAndSell EURUSD,H4: current symbol : EURUSD Marklet close now
0	21:51:38.649	BuyAndSell Coffee,Daily: current symbol : Coffee Marklet close now
0	21:51:38.649	BuyAndSell NAS100,H1: current symbol : NAS100 Marklet close now
0	21:51:38.649	BuyAndSell AUS200,H1: current symbol : AUS200 Marklet close now
0	21:51:39.107	BuyAndSell EURUSD,H4: current symbol : EURUSD Marklet close now
0	21:51:41.653	BuyAndSell Coffee,Daily: current symbol : Coffee Marklet close now
0	21:51:41.653	BuyAndSell NAS100,H1: current symbol : NAS100 Marklet close now
0	21:51:41.653	BuyAndSell AUS200,H1: current symbol : AUS200 Marklet close now
0	21:51:42.106	BuyAndSell EURUSD,H4: current symbol : EURUSD Marklet close now
0	21:51:44.667	BuyAndSell Coffee,Daily: current symbol : Coffee Marklet close now
0	21:51:44.667	BuyAndSell NAS100,H1: current symbol : NAS100 Marklet close now
0	21:51:44.667	BuyAndSell AUS200,H1: current symbol : AUS200 Marklet close now
0	21:51:45.104	BuyAndSell EURUSD,H4: current symbol : EURUSD Marklet close now
0	21:51:47.680	BuyAndSell Coffee,Daily: current symbol : Coffee Marklet close now
0	21:51:47.680	BuyAndSell NAS100,H1: current symbol : NAS100 Marklet close now
0	21:51:47.680	BuyAndSell AUS200,H1: current symbol : AUS200 Marklet close now
0	21:51:48.101	BuyAndSell EURUSD,H4: current symbol : EURUSD Marklet close now
0	21:51:50.695	BuyAndSell Coffee,Daily: current symbol : Coffee Marklet close now
0	21:51:50.695	BuyAndSell NAS100,H1: current symbol : NAS100 Marklet close now
0	21:51:50.710	BuyAndSell AUS200,H1: current symbol : AUS200 Marklet close now
0	21:51:51.101	BuyAndSell EURUSD,H4: current symbol : EURUSD Marklet close now
0	21:51:53.717	BuyAndSell Coffee,Daily: current symbol : Coffee Marklet close now
0	21:51:53.717	BuyAndSell NAS100,H1: current symbol : NAS100 Marklet close now
0	21:51:53.717	BuyAndSell AUS200,H1: current symbol : AUS200 Marklet close now
0	21:51:54.107	BuyAndSell EURUSD,H4: current symbol : EURUSD Marklet close now
0	21:51:56.713	BuyAndSell Coffee,Daily: current symbol : Coffee Marklet close now
0	21:51:56.713	BuyAndSell NAS100,H1: current symbol : NAS100 Marklet close now
0	21:51:56.713	BuyAndSell AUS200,H1: current symbol : AUS200 Marklet close now
0	21:51:57.106	BuyAndSell EURUSD,H4: current symbol : EURUSD Marklet close now
0	21:51:59.716	BuyAndSell Coffee,Daily: current symbol : Coffee Marklet close now
0	21:51:59.716	BuyAndSell NAS100,H1: current symbol : NAS100 Marklet close now
0	21:51:59.716	BuyAndSell AUS200,H1: current symbol : AUS200 Marklet close now
0	21:52:00.121	BuyAndSell EURUSD,H4: current symbol : EURUSD Marklet close now
0	21:52:02.708	BuyAndSell Coffee,Daily: current symbol : Coffee Marklet close now
0	21:52:02.724	BuyAndSell NAS100,H1: current symbol : NAS100 Marklet close now
0	21:52:02.724	BuyAndSell AUS200,H1: current symbol : AUS200 Marklet close now
0	21:52:03.146	BuyAndSell EURUSD,H4: current symbol : EURUSD Marklet close now
0	21:52:05.786	BuyAndSell Coffee,Daily: current symbol : Coffee Marklet close now
0	21:52:05.802	BuyAndSell NAS100,H1: current symbol : NAS100 Marklet close now
0	21:52:05.811	BuyAndSell AUS200,H1: current symbol : AUS200 Marklet close now
0	21:52:06.182	BuyAndSell EURUSD,H4: current symbol : EURUSD Marklet close now
0	21:52:08.733	BuyAndSell Coffee,Daily: current symbol : Coffee Marklet close now
0	21:52:08.733	BuyAndSell NAS100,H1: current symbol : NAS100 Marklet close now
0	21:52:08.733	BuyAndSell AUS200,H1: current symbol : AUS200 Marklet close now
0	21:52:09.139	BuyAndSell EURUSD,H4: current symbol : EURUSD Marklet close now
0	21:52:11.731	BuyAndSell Coffee,Daily: current symbol : Coffee Marklet close now
0	21:52:11.731	BuyAndSell NAS100,H1: current symbol : NAS100 Marklet close now
0	21:52:11.731	BuyAndSell AUS200,H1: current symbol : AUS200 Marklet close now
0	21:52:12.149	BuyAndSell EURUSD,H4: current symbol : EURUSD Marklet close now
0	21:52:14.743	BuyAndSell Coffee,Daily: current symbol : Coffee Marklet close now
0	21:52:14.743	BuyAndSell NAS100,H1: current symbol : NAS100 Marklet close now
0	21:52:14.743	BuyAndSell AUS200,H1: current symbol : AUS200 Marklet close now
0	21:52:15.153	BuyAndSell EURUSD,H4: current symbol : EURUSD Marklet close now
0	21:52:17.763	BuyAndSell Coffee,Daily: current symbol : Coffee Marklet close now
0	21:52:17.763	BuyAndSell NAS100,H1: current symbol : NAS100 Marklet close now
0	21:52:17.763	BuyAndSell AUS200,H1: current symbol : AUS200 Marklet close now
0	21:52:18.154	BuyAndSell EURUSD,H4: current symbol : EURUSD Marklet close now
0	21:52:20.761	BuyAndSell Coffee,Daily: current symbol : Coffee Marklet close now
0	21:52:20.761	BuyAndSell NAS100,H1: current symbol : NAS100 Marklet close now
0	21:52:20.761	BuyAndSell AUS200,H1: current symbol : AUS200 Marklet close now
0	21:52:21.151	BuyAndSell EURUSD,H4: current symbol : EURUSD Marklet close now
0	21:52:23.784	BuyAndSell Coffee,Daily: current symbol : Coffee Marklet close now
0	21:52:23.784	BuyAndSell NAS100,H1: current symbol : NAS100 Marklet close now
0	21:52:23.784	BuyAndSell AUS200,H1: current symbol : AUS200 Marklet close now
0	21:52:24.146	BuyAndSell EURUSD,H4: current symbol : EURUSD Marklet close now
0	21:52:26.781	BuyAndSell Coffee,Daily: current symbol : Coffee Marklet close now
0	21:52:26.781	BuyAndSell NAS100,H1: current symbol : NAS100 Marklet close now
0	21:52:26.781	BuyAndSell AUS200,H1: current symbol : AUS200 Marklet close now
0	21:52:27.156	BuyAndSell EURUSD,H4: current symbol : EURUSD Marklet close now
0	21:52:29.782	BuyAndSell Coffee,Daily: current symbol : Coffee Marklet close now
0	21:52:29.782	BuyAndSell NAS100,H1: current symbol : NAS100 Marklet close now
0	21:52:29.782	BuyAndSell AUS200,H1: current symbol : AUS200 Marklet close now
0	21:52:30.157	BuyAndSell EURUSD,H4: current symbol : EURUSD Marklet close now
0	21:52:32.789	BuyAndSell Coffee,Daily: current symbol : Coffee Marklet close now
0	21:52:32.789	BuyAndSell NAS100,H1: current symbol : NAS100 Marklet close now
0	21:52:32.789	BuyAndSell AUS200,H1: current symbol : AUS200 Marklet close now
0	21:52:33.153	BuyAndSell EURUSD,H4: current symbol : EURUSD Marklet close now
0	21:52:35.800	BuyAndSell Coffee,Daily: current symbol : Coffee Marklet close now
0	21:52:35.800	BuyAndSell NAS100,H1: current symbol : NAS100 Marklet close now
0	21:52:35.800	BuyAndSell AUS200,H1: current symbol : AUS200 Marklet close now
0	21:52:36.144	BuyAndSell EURUSD,H4: current symbol : EURUSD Marklet close now
0	21:52:38.810	BuyAndSell Coffee,Daily: current symbol : Coffee Marklet close now
0	21:52:38.810	BuyAndSell NAS100,H1: current symbol : NAS100 Marklet close now
0	21:52:38.810	BuyAndSell AUS200,H1: current symbol : AUS200 Marklet close now
0	21:52:39.153	BuyAndSell EURUSD,H4: current symbol : EURUSD Marklet close now
0	21:52:41.809	BuyAndSell Coffee,Daily: current symbol : Coffee Marklet close now
0	21:52:41.809	BuyAndSell NAS100,H1: current symbol : NAS100 Marklet close now
0	21:52:41.809	BuyAndSell AUS200,H1: current symbol : AUS200 Marklet close now
0	21:52:42.171	BuyAndSell EURUSD,H4: current symbol : EURUSD Marklet close now
0	21:52:44.810	BuyAndSell Coffee,Daily: current symbol : Coffee Marklet close now
0	21:52:44.810	BuyAndSell NAS100,H1: current symbol : NAS100 Marklet close now
0	21:52:44.810	BuyAndSell AUS200,H1: current symbol : AUS200 Marklet close now
0	21:52:45.169	BuyAndSell EURUSD,H4: current symbol : EURUSD Marklet close now
0	21:52:47.829	BuyAndSell Coffee,Daily: current symbol : Coffee Marklet close now
0	21:52:47.829	BuyAndSell NAS100,H1: current symbol : NAS100 Marklet close now
0	21:52:47.829	BuyAndSell AUS200,H1: current symbol : AUS200 Marklet close now
0	21:52:48.183	BuyAndSell EURUSD,H4: current symbol : EURUSD Marklet close now
0	21:52:50.819	BuyAndSell Coffee,Daily: current symbol : Coffee Marklet close now
0	21:52:50.819	BuyAndSell NAS100,H1: current symbol : NAS100 Marklet close now
0	21:52:50.819	BuyAndSell AUS200,H1: current symbol : AUS200 Marklet close now
0	21:52:51.183	BuyAndSell EURUSD,H4: current symbol : EURUSD Marklet close now
0	21:52:53.825	BuyAndSell Coffee,Daily: current symbol : Coffee Marklet close now
0	21:52:53.825	BuyAndSell NAS100,H1: current symbol : NAS100 Marklet close now
0	21:52:53.825	BuyAndSell AUS200,H1: current symbol : AUS200 Marklet close now
0	21:52:54.199	BuyAndSell EURUSD,H4: current symbol : EURUSD Marklet close now
0	21:52:56.825	BuyAndSell Coffee,Daily: current symbol : Coffee Marklet close now
0	21:52:56.825	BuyAndSell NAS100,H1: current symbol : NAS100 Marklet close now
0	21:52:56.825	BuyAndSell AUS200,H1: current symbol : AUS200 Marklet close now
0	21:52:57.200	BuyAndSell EURUSD,H4: current symbol : EURUSD Marklet close now
0	21:52:59.820	BuyAndSell Coffee,Daily: current symbol : Coffee Marklet close now
0	21:52:59.820	BuyAndSell NAS100,H1: current symbol : NAS100 Marklet close now
0	21:52:59.820	BuyAndSell AUS200,H1: current symbol : AUS200 Marklet close now
0	21:53:00.196	BuyAndSell EURUSD,H4: current symbol : EURUSD Marklet close now
0	21:53:02.818	BuyAndSell Coffee,Daily: current symbol : Coffee Marklet close now
0	21:53:02.818	BuyAndSell NAS100,H1: current symbol : NAS100 Marklet close now
0	21:53:02.818	BuyAndSell AUS200,H1: current symbol : AUS200 Marklet close now
0	21:53:03.193	BuyAndSell EURUSD,H4: current symbol : EURUSD Marklet close now
0	21:53:05.821	BuyAndSell Coffee,Daily: current symbol : Coffee Marklet close now
0	21:53:05.821	BuyAndSell NAS100,H1: current symbol : NAS100 Marklet close now
0	21:53:05.821	BuyAndSell AUS200,H1: current symbol : AUS200 Marklet close now
0	21:53:06.195	BuyAndSell EURUSD,H4: current symbol : EURUSD Marklet close now
0	21:53:08.832	BuyAndSell Coffee,Daily: current symbol : Coffee Marklet close now
0	21:53:08.832	BuyAndSell NAS100,H1: current symbol : NAS100 Marklet close now
0	21:53:08.832	BuyAndSell AUS200,H1: current symbol : AUS200 Marklet close now
0	21:53:09.211	BuyAndSell EURUSD,H4: current symbol : EURUSD Marklet close now
0	21:53:11.846	BuyAndSell Coffee,Daily: current symbol : Coffee Marklet close now
0	21:53:11.846	BuyAndSell AUS200,H1: current symbol : AUS200 Marklet close now
0	21:53:11.846	BuyAndSell NAS100,H1: current symbol : NAS100 Marklet close now
0	21:53:12.220	BuyAndSell EURUSD,H4: current symbol : EURUSD Marklet close now
0	21:53:14.841	BuyAndSell Coffee,Daily: current symbol : Coffee Marklet close now
0	21:53:14.841	BuyAndSell NAS100,H1: current symbol : NAS100 Marklet close now
0	21:53:14.841	BuyAndSell AUS200,H1: current symbol : AUS200 Marklet close now
0	21:53:15.211	BuyAndSell EURUSD,H4: current symbol : EURUSD Marklet close now
0	21:53:17.852	BuyAndSell Coffee,Daily: current symbol : Coffee Marklet close now
0	21:53:17.852	BuyAndSell NAS100,H1: current symbol : NAS100 Marklet close now
0	21:53:17.852	BuyAndSell AUS200,H1: current symbol : AUS200 Marklet close now
0	21:53:18.215	BuyAndSell EURUSD,H4: current symbol : EURUSD Marklet close now
0	21:53:20.869	BuyAndSell Coffee,Daily: current symbol : Coffee Marklet close now
0	21:53:20.869	BuyAndSell NAS100,H1: current symbol : NAS100 Marklet close now
0	21:53:20.869	BuyAndSell AUS200,H1: current symbol : AUS200 Marklet close now
0	21:53:21.213	BuyAndSell EURUSD,H4: current symbol : EURUSD Marklet close now
0	21:53:23.877	BuyAndSell Coffee,Daily: current symbol : Coffee Marklet close now
0	21:53:23.877	BuyAndSell NAS100,H1: current symbol : NAS100 Marklet close now
0	21:53:23.877	BuyAndSell AUS200,H1: current symbol : AUS200 Marklet close now
0	21:53:24.220	BuyAndSell EURUSD,H4: current symbol : EURUSD Marklet close now
0	21:53:26.876	BuyAndSell Coffee,Daily: current symbol : Coffee Marklet close now
0	21:53:26.876	BuyAndSell NAS100,H1: current symbol : NAS100 Marklet close now
0	21:53:26.876	BuyAndSell AUS200,H1: current symbol : AUS200 Marklet close now
0	21:53:27.208	BuyAndSell EURUSD,H4: current symbol : EURUSD Marklet close now
0	21:53:29.864	BuyAndSell Coffee,Daily: current symbol : Coffee Marklet close now
0	21:53:29.864	BuyAndSell NAS100,H1: current symbol : NAS100 Marklet close now
0	21:53:29.864	BuyAndSell AUS200,H1: current symbol : AUS200 Marklet close now
0	21:53:30.224	BuyAndSell EURUSD,H4: current symbol : EURUSD Marklet close now
0	21:53:32.872	BuyAndSell Coffee,Daily: current symbol : Coffee Marklet close now
0	21:53:32.872	BuyAndSell NAS100,H1: current symbol : NAS100 Marklet close now
0	21:53:32.872	BuyAndSell AUS200,H1: current symbol : AUS200 Marklet close now
0	21:53:33.232	BuyAndSell EURUSD,H4: current symbol : EURUSD Marklet close now
0	21:53:35.879	BuyAndSell Coffee,Daily: current symbol : Coffee Marklet close now
0	21:53:35.879	BuyAndSell NAS100,H1: current symbol : NAS100 Marklet close now
0	21:53:35.879	BuyAndSell AUS200,H1: current symbol : AUS200 Marklet close now
0	21:53:36.226	BuyAndSell EURUSD,H4: current symbol : EURUSD Marklet close now
0	21:53:38.887	BuyAndSell Coffee,Daily: current symbol : Coffee Marklet close now
0	21:53:38.887	BuyAndSell NAS100,H1: current symbol : NAS100 Marklet close now
0	21:53:38.887	BuyAndSell AUS200,H1: current symbol : AUS200 Marklet close now
0	21:53:39.232	BuyAndSell EURUSD,H4: current symbol : EURUSD Marklet close now
0	21:53:41.885	BuyAndSell Coffee,Daily: current symbol : Coffee Marklet close now
0	21:53:41.885	BuyAndSell NAS100,H1: current symbol : NAS100 Marklet close now
0	21:53:41.885	BuyAndSell AUS200,H1: current symbol : AUS200 Marklet close now
0	21:53:42.244	BuyAndSell EURUSD,H4: current symbol : EURUSD Marklet close now
0	21:53:44.884	BuyAndSell Coffee,Daily: current symbol : Coffee Marklet close now
0	21:53:44.884	BuyAndSell NAS100,H1: current symbol : NAS100 Marklet close now
0	21:53:44.884	BuyAndSell AUS200,H1: current symbol : AUS200 Marklet close now
0	21:53:45.263	BuyAndSell EURUSD,H4: current symbol : EURUSD Marklet close now
0	21:53:47.898	BuyAndSell Coffee,Daily: current symbol : Coffee Marklet close now
0	21:53:47.898	BuyAndSell NAS100,H1: current symbol : NAS100 Marklet close now
0	21:53:47.898	BuyAndSell AUS200,H1: current symbol : AUS200 Marklet close now
0	21:53:48.273	BuyAndSell EURUSD,H4: current symbol : EURUSD Marklet close now
0	21:53:50.923	BuyAndSell Coffee,Daily: current symbol : Coffee Marklet close now
0	21:53:50.923	BuyAndSell NAS100,H1: current symbol : NAS100 Marklet close now
0	21:53:50.923	BuyAndSell AUS200,H1: current symbol : AUS200 Marklet close now
0	21:53:51.299	BuyAndSell EURUSD,H4: current symbol : EURUSD Marklet close now
0	21:53:53.916	BuyAndSell Coffee,Daily: current symbol : Coffee Marklet close now
0	21:53:53.916	BuyAndSell NAS100,H1: current symbol : NAS100 Marklet close now
0	21:53:53.916	BuyAndSell AUS200,H1: current symbol : AUS200 Marklet close now
0	21:53:54.310	BuyAndSell EURUSD,H4: current symbol : EURUSD Marklet close now
0	21:53:56.956	BuyAndSell Coffee,Daily: current symbol : Coffee Marklet close now
0	21:53:56.956	BuyAndSell NAS100,H1: current symbol : NAS100 Marklet close now
0	21:53:56.956	BuyAndSell AUS200,H1: current symbol : AUS200 Marklet close now
0	21:53:57.330	BuyAndSell EURUSD,H4: current symbol : EURUSD Marklet close now
0	21:53:59.946	BuyAndSell Coffee,Daily: current symbol : Coffee Marklet close now
0	21:53:59.946	BuyAndSell NAS100,H1: current symbol : NAS100 Marklet close now
0	21:53:59.946	BuyAndSell AUS200,H1: current symbol : AUS200 Marklet close now
0	21:54:00.333	BuyAndSell EURUSD,H4: current symbol : EURUSD Marklet close now
0	21:54:01.874	BuyAndSell EURUSD,H4: uninit reason 3
0	21:54:01.953	BuyAndSell EURUSD,H1: Init current symbol : EURUSD
0	21:54:01.953	BuyAndSell EURUSD,H1: initialized
0	21:54:02.959	BuyAndSell Coffee,Daily: current symbol : Coffee Marklet close now
0	21:54:02.959	BuyAndSell AUS200,H1: current symbol : AUS200 Marklet close now
0	21:54:02.959	BuyAndSell NAS100,H1: current symbol : NAS100 Marklet close now
0	21:54:04.954	BuyAndSell EURUSD,H1: current symbol : EURUSD Marklet close now
0	21:54:05.970	BuyAndSell Coffee,Daily: current symbol : Coffee Marklet close now
0	21:54:05.970	BuyAndSell NAS100,H1: current symbol : NAS100 Marklet close now
0	21:54:05.970	BuyAndSell AUS200,H1: current symbol : AUS200 Marklet close now
0	21:54:07.949	BuyAndSell EURUSD,H1: current symbol : EURUSD Marklet close now
0	21:54:08.979	BuyAndSell Coffee,Daily: current symbol : Coffee Marklet close now
0	21:54:08.979	BuyAndSell NAS100,H1: current symbol : NAS100 Marklet close now
0	21:54:08.979	BuyAndSell AUS200,H1: current symbol : AUS200 Marklet close now
0	21:54:10.964	BuyAndSell EURUSD,H1: current symbol : EURUSD Marklet close now
0	21:54:11.987	BuyAndSell Coffee,Daily: current symbol : Coffee Marklet close now
0	21:54:11.987	BuyAndSell NAS100,H1: current symbol : NAS100 Marklet close now
0	21:54:11.987	BuyAndSell AUS200,H1: current symbol : AUS200 Marklet close now
0	21:54:13.959	BuyAndSell EURUSD,H1: current symbol : EURUSD Marklet close now
0	21:54:14.989	BuyAndSell Coffee,Daily: current symbol : Coffee Marklet close now
0	21:54:14.989	BuyAndSell NAS100,H1: current symbol : NAS100 Marklet close now
0	21:54:14.989	BuyAndSell AUS200,H1: current symbol : AUS200 Marklet close now
0	21:54:16.958	BuyAndSell EURUSD,H1: current symbol : EURUSD Marklet close now
0	21:54:17.993	BuyAndSell Coffee,Daily: current symbol : Coffee Marklet close now
0	21:54:17.993	BuyAndSell NAS100,H1: current symbol : NAS100 Marklet close now
0	21:54:17.993	BuyAndSell AUS200,H1: current symbol : AUS200 Marklet close now
0	21:54:19.966	BuyAndSell EURUSD,H1: current symbol : EURUSD Marklet close now
0	21:54:20.996	BuyAndSell Coffee,Daily: current symbol : Coffee Marklet close now
0	21:54:20.996	BuyAndSell NAS100,H1: current symbol : NAS100 Marklet close now
0	21:54:20.996	BuyAndSell AUS200,H1: current symbol : AUS200 Marklet close now
0	21:54:22.984	BuyAndSell EURUSD,H1: current symbol : EURUSD Marklet close now
0	21:54:24.000	BuyAndSell Coffee,Daily: current symbol : Coffee Marklet close now
0	21:54:24.000	BuyAndSell NAS100,H1: current symbol : NAS100 Marklet close now
0	21:54:24.000	BuyAndSell AUS200,H1: current symbol : AUS200 Marklet close now
0	21:54:25.991	BuyAndSell EURUSD,H1: current symbol : EURUSD Marklet close now
0	21:54:27.004	BuyAndSell Coffee,Daily: current symbol : Coffee Marklet close now
0	21:54:27.004	BuyAndSell NAS100,H1: current symbol : NAS100 Marklet close now
0	21:54:27.004	BuyAndSell AUS200,H1: current symbol : AUS200 Marklet close now
0	21:54:28.992	BuyAndSell EURUSD,H1: current symbol : EURUSD Marklet close now
0	21:54:30.023	BuyAndSell Coffee,Daily: current symbol : Coffee Marklet close now
0	21:54:30.023	BuyAndSell NAS100,H1: current symbol : NAS100 Marklet close now
0	21:54:30.023	BuyAndSell AUS200,H1: current symbol : AUS200 Marklet close now
0	21:54:31.990	BuyAndSell EURUSD,H1: current symbol : EURUSD Marklet close now
0	21:54:33.030	BuyAndSell Coffee,Daily: current symbol : Coffee Marklet close now
0	21:54:33.030	BuyAndSell NAS100,H1: current symbol : NAS100 Marklet close now
0	21:54:33.030	BuyAndSell AUS200,H1: current symbol : AUS200 Marklet close now
0	21:54:35.000	BuyAndSell EURUSD,H1: current symbol : EURUSD Marklet close now
0	21:54:36.042	BuyAndSell Coffee,Daily: current symbol : Coffee Marklet close now
0	21:54:36.042	BuyAndSell NAS100,H1: current symbol : NAS100 Marklet close now
0	21:54:36.042	BuyAndSell AUS200,H1: current symbol : AUS200 Marklet close now
0	21:54:38.006	BuyAndSell EURUSD,H1: current symbol : EURUSD Marklet close now
0	21:54:39.037	BuyAndSell Coffee,Daily: current symbol : Coffee Marklet close now
0	21:54:39.037	BuyAndSell NAS100,H1: current symbol : NAS100 Marklet close now
0	21:54:39.037	BuyAndSell AUS200,H1: current symbol : AUS200 Marklet close now
0	21:54:41.019	BuyAndSell EURUSD,H1: current symbol : EURUSD Marklet close now
0	21:54:42.051	BuyAndSell Coffee,Daily: current symbol : Coffee Marklet close now
0	21:54:42.051	BuyAndSell NAS100,H1: current symbol : NAS100 Marklet close now
0	21:54:42.051	BuyAndSell AUS200,H1: current symbol : AUS200 Marklet close now
0	21:54:44.027	BuyAndSell EURUSD,H1: current symbol : EURUSD Marklet close now
0	21:54:45.069	BuyAndSell Coffee,Daily: current symbol : Coffee Marklet close now
0	21:54:45.069	BuyAndSell NAS100,H1: current symbol : NAS100 Marklet close now
0	21:54:45.069	BuyAndSell AUS200,H1: current symbol : AUS200 Marklet close now
0	21:54:47.026	BuyAndSell EURUSD,H1: current symbol : EURUSD Marklet close now
0	21:54:48.088	BuyAndSell Coffee,Daily: current symbol : Coffee Marklet close now
0	21:54:48.088	BuyAndSell NAS100,H1: current symbol : NAS100 Marklet close now
0	21:54:48.088	BuyAndSell AUS200,H1: current symbol : AUS200 Marklet close now
0	21:54:50.030	BuyAndSell EURUSD,H1: current symbol : EURUSD Marklet close now
0	21:54:51.082	BuyAndSell Coffee,Daily: current symbol : Coffee Marklet close now
0	21:54:51.082	BuyAndSell NAS100,H1: current symbol : NAS100 Marklet close now
0	21:54:51.082	BuyAndSell AUS200,H1: current symbol : AUS200 Marklet close now
0	21:54:53.020	BuyAndSell EURUSD,H1: current symbol : EURUSD Marklet close now
0	21:54:54.110	BuyAndSell Coffee,Daily: current symbol : Coffee Marklet close now
0	21:54:54.110	BuyAndSell NAS100,H1: current symbol : NAS100 Marklet close now
0	21:54:54.110	BuyAndSell AUS200,H1: current symbol : AUS200 Marklet close now
0	21:54:56.036	BuyAndSell EURUSD,H1: current symbol : EURUSD Marklet close now
0	21:54:57.105	BuyAndSell Coffee,Daily: current symbol : Coffee Marklet close now
0	21:54:57.105	BuyAndSell NAS100,H1: current symbol : NAS100 Marklet close now
0	21:54:57.105	BuyAndSell AUS200,H1: current symbol : AUS200 Marklet close now
0	21:54:59.056	BuyAndSell EURUSD,H1: current symbol : EURUSD Marklet close now
0	21:55:00.103	BuyAndSell Coffee,Daily: current symbol : Coffee Marklet close now
0	21:55:00.103	BuyAndSell AUS200,H1: current symbol : AUS200 Marklet close now
0	21:55:00.103	BuyAndSell NAS100,H1: current symbol : NAS100 Marklet close now
0	21:55:02.056	BuyAndSell EURUSD,H1: current symbol : EURUSD Marklet close now
0	21:55:03.105	BuyAndSell Coffee,Daily: current symbol : Coffee Marklet close now
0	21:55:03.105	BuyAndSell NAS100,H1: current symbol : NAS100 Marklet close now
0	21:55:03.105	BuyAndSell AUS200,H1: current symbol : AUS200 Marklet close now
0	21:55:05.058	BuyAndSell EURUSD,H1: current symbol : EURUSD Marklet close now
0	21:55:06.105	BuyAndSell Coffee,Daily: current symbol : Coffee Marklet close now
0	21:55:06.105	BuyAndSell NAS100,H1: current symbol : NAS100 Marklet close now
0	21:55:06.105	BuyAndSell AUS200,H1: current symbol : AUS200 Marklet close now
0	21:55:08.057	BuyAndSell EURUSD,H1: current symbol : EURUSD Marklet close now
0	21:55:09.104	BuyAndSell Coffee,Daily: current symbol : Coffee Marklet close now
0	21:55:09.104	BuyAndSell NAS100,H1: current symbol : NAS100 Marklet close now
0	21:55:09.104	BuyAndSell AUS200,H1: current symbol : AUS200 Marklet close now
0	21:55:11.097	BuyAndSell EURUSD,H1: current symbol : EURUSD Marklet close now
0	21:55:12.110	BuyAndSell Coffee,Daily: current symbol : Coffee Marklet close now
0	21:55:12.110	BuyAndSell NAS100,H1: current symbol : NAS100 Marklet close now
0	21:55:12.110	BuyAndSell AUS200,H1: current symbol : AUS200 Marklet close now
0	21:55:14.084	BuyAndSell EURUSD,H1: current symbol : EURUSD Marklet close now
0	21:55:15.111	BuyAndSell Coffee,Daily: current symbol : Coffee Marklet close now
0	21:55:15.111	BuyAndSell NAS100,H1: current symbol : NAS100 Marklet close now
0	21:55:15.111	BuyAndSell AUS200,H1: current symbol : AUS200 Marklet close now
0	21:55:17.107	BuyAndSell EURUSD,H1: current symbol : EURUSD Marklet close now
0	21:55:18.107	BuyAndSell Coffee,Daily: current symbol : Coffee Marklet close now
0	21:55:18.107	BuyAndSell NAS100,H1: current symbol : NAS100 Marklet close now
0	21:55:18.107	BuyAndSell AUS200,H1: current symbol : AUS200 Marklet close now
0	21:55:20.102	BuyAndSell EURUSD,H1: current symbol : EURUSD Marklet close now
0	21:55:21.127	BuyAndSell Coffee,Daily: current symbol : Coffee Marklet close now
0	21:55:21.127	BuyAndSell NAS100,H1: current symbol : NAS100 Marklet close now
0	21:55:21.127	BuyAndSell AUS200,H1: current symbol : AUS200 Marklet close now
0	21:55:23.100	BuyAndSell EURUSD,H1: current symbol : EURUSD Marklet close now
0	21:55:24.116	BuyAndSell Coffee,Daily: current symbol : Coffee Marklet close now
0	21:55:24.116	BuyAndSell NAS100,H1: current symbol : NAS100 Marklet close now
0	21:55:24.116	BuyAndSell AUS200,H1: current symbol : AUS200 Marklet close now
0	21:55:26.100	BuyAndSell EURUSD,H1: current symbol : EURUSD Marklet close now
0	21:55:27.129	BuyAndSell Coffee,Daily: current symbol : Coffee Marklet close now
0	21:55:27.129	BuyAndSell NAS100,H1: current symbol : NAS100 Marklet close now
0	21:55:27.129	BuyAndSell AUS200,H1: current symbol : AUS200 Marklet close now
0	21:55:29.112	BuyAndSell EURUSD,H1: current symbol : EURUSD Marklet close now
0	21:55:30.141	BuyAndSell Coffee,Daily: current symbol : Coffee Marklet close now
0	21:55:30.141	BuyAndSell NAS100,H1: current symbol : NAS100 Marklet close now
0	21:55:30.141	BuyAndSell AUS200,H1: current symbol : AUS200 Marklet close now
0	21:55:32.099	BuyAndSell EURUSD,H1: current symbol : EURUSD Marklet close now
0	21:55:33.131	BuyAndSell Coffee,Daily: current symbol : Coffee Marklet close now
0	21:55:33.131	BuyAndSell NAS100,H1: current symbol : NAS100 Marklet close now
0	21:55:33.131	BuyAndSell AUS200,H1: current symbol : AUS200 Marklet close now
0	21:55:35.102	BuyAndSell EURUSD,H1: current symbol : EURUSD Marklet close now
0	21:55:36.133	BuyAndSell NAS100,H1: current symbol : NAS100 Marklet close now
0	21:55:36.133	BuyAndSell AUS200,H1: current symbol : AUS200 Marklet close now
0	21:55:36.133	BuyAndSell Coffee,Daily: current symbol : Coffee Marklet close now
0	21:55:38.102	BuyAndSell EURUSD,H1: current symbol : EURUSD Marklet close now
0	21:55:39.145	BuyAndSell Coffee,Daily: current symbol : Coffee Marklet close now
0	21:55:39.145	BuyAndSell NAS100,H1: current symbol : NAS100 Marklet close now
0	21:55:39.145	BuyAndSell AUS200,H1: current symbol : AUS200 Marklet close now
0	21:55:41.107	BuyAndSell EURUSD,H1: current symbol : EURUSD Marklet close now
0	21:55:42.170	BuyAndSell Coffee,Daily: current symbol : Coffee Marklet close now
0	21:55:42.170	BuyAndSell NAS100,H1: current symbol : NAS100 Marklet close now
0	21:55:42.170	BuyAndSell AUS200,H1: current symbol : AUS200 Marklet close now
0	21:55:44.106	BuyAndSell EURUSD,H1: current symbol : EURUSD Marklet close now
0	21:55:45.169	BuyAndSell Coffee,Daily: current symbol : Coffee Marklet close now
0	21:55:45.169	BuyAndSell NAS100,H1: current symbol : NAS100 Marklet close now
0	21:55:45.169	BuyAndSell AUS200,H1: current symbol : AUS200 Marklet close now
0	21:55:47.102	BuyAndSell EURUSD,H1: current symbol : EURUSD Marklet close now
0	21:55:48.194	BuyAndSell Coffee,Daily: current symbol : Coffee Marklet close now
0	21:55:48.194	BuyAndSell NAS100,H1: current symbol : NAS100 Marklet close now
0	21:55:48.194	BuyAndSell AUS200,H1: current symbol : AUS200 Marklet close now
0	21:55:50.101	BuyAndSell EURUSD,H1: current symbol : EURUSD Marklet close now
0	21:55:51.192	BuyAndSell Coffee,Daily: current symbol : Coffee Marklet close now
0	21:55:51.192	BuyAndSell NAS100,H1: current symbol : NAS100 Marklet close now
0	21:55:51.192	BuyAndSell AUS200,H1: current symbol : AUS200 Marklet close now
0	21:55:53.112	BuyAndSell EURUSD,H1: current symbol : EURUSD Marklet close now
0	21:55:54.191	BuyAndSell Coffee,Daily: current symbol : Coffee Marklet close now
0	21:55:54.191	BuyAndSell NAS100,H1: current symbol : NAS100 Marklet close now
0	21:55:54.191	BuyAndSell AUS200,H1: current symbol : AUS200 Marklet close now
0	21:55:56.108	BuyAndSell EURUSD,H1: current symbol : EURUSD Marklet close now
0	21:55:57.211	BuyAndSell Coffee,Daily: current symbol : Coffee Marklet close now
0	21:55:57.211	BuyAndSell NAS100,H1: current symbol : NAS100 Marklet close now
0	21:55:57.211	BuyAndSell AUS200,H1: current symbol : AUS200 Marklet close now
0	21:55:59.105	BuyAndSell EURUSD,H1: current symbol : EURUSD Marklet close now
0	21:56:00.209	BuyAndSell Coffee,Daily: current symbol : Coffee Marklet close now
0	21:56:00.209	BuyAndSell NAS100,H1: current symbol : NAS100 Marklet close now
0	21:56:00.209	BuyAndSell AUS200,H1: current symbol : AUS200 Marklet close now
0	21:56:02.110	BuyAndSell EURUSD,H1: current symbol : EURUSD Marklet close now
0	21:56:03.219	BuyAndSell Coffee,Daily: current symbol : Coffee Marklet close now
0	21:56:03.219	BuyAndSell NAS100,H1: current symbol : NAS100 Marklet close now
0	21:56:03.219	BuyAndSell AUS200,H1: current symbol : AUS200 Marklet close now
0	21:56:05.100	BuyAndSell EURUSD,H1: current symbol : EURUSD Marklet close now
0	21:56:06.220	BuyAndSell Coffee,Daily: current symbol : Coffee Marklet close now
0	21:56:06.220	BuyAndSell NAS100,H1: current symbol : NAS100 Marklet close now
0	21:56:06.220	BuyAndSell AUS200,H1: current symbol : AUS200 Marklet close now
0	21:56:08.100	BuyAndSell EURUSD,H1: current symbol : EURUSD Marklet close now
0	21:56:09.210	BuyAndSell Coffee,Daily: current symbol : Coffee Marklet close now
0	21:56:09.210	BuyAndSell NAS100,H1: current symbol : NAS100 Marklet close now
0	21:56:09.210	BuyAndSell AUS200,H1: current symbol : AUS200 Marklet close now
0	21:56:12.120	BuyAndSell EURUSD,H1: current symbol : EURUSD Marklet close now
0	21:56:12.231	BuyAndSell Coffee,Daily: current symbol : Coffee Marklet close now
0	21:56:12.231	BuyAndSell NAS100,H1: current symbol : NAS100 Marklet close now
0	21:56:12.231	BuyAndSell AUS200,H1: current symbol : AUS200 Marklet close now
0	21:56:14.105	BuyAndSell EURUSD,H1: current symbol : EURUSD Marklet close now
0	21:56:15.235	BuyAndSell Coffee,Daily: current symbol : Coffee Marklet close now
0	21:56:15.235	BuyAndSell NAS100,H1: current symbol : NAS100 Marklet close now
0	21:56:15.235	BuyAndSell AUS200,H1: current symbol : AUS200 Marklet close now
0	21:56:17.126	BuyAndSell EURUSD,H1: current symbol : EURUSD Marklet close now
0	21:56:18.235	BuyAndSell Coffee,Daily: current symbol : Coffee Marklet close now
0	21:56:18.235	BuyAndSell NAS100,H1: current symbol : NAS100 Marklet close now
0	21:56:18.235	BuyAndSell AUS200,H1: current symbol : AUS200 Marklet close now
0	21:56:20.130	BuyAndSell EURUSD,H1: current symbol : EURUSD Marklet close now
0	21:56:21.224	BuyAndSell Coffee,Daily: current symbol : Coffee Marklet close now
0	21:56:21.224	BuyAndSell NAS100,H1: current symbol : NAS100 Marklet close now
0	21:56:21.224	BuyAndSell AUS200,H1: current symbol : AUS200 Marklet close now
0	21:56:23.146	BuyAndSell EURUSD,H1: current symbol : EURUSD Marklet close now
0	21:56:24.233	BuyAndSell Coffee,Daily: current symbol : Coffee Marklet close now
0	21:56:24.233	BuyAndSell NAS100,H1: current symbol : NAS100 Marklet close now
0	21:56:24.233	BuyAndSell AUS200,H1: current symbol : AUS200 Marklet close now
0	21:56:26.157	BuyAndSell EURUSD,H1: current symbol : EURUSD Marklet close now
0	21:56:27.235	BuyAndSell Coffee,Daily: current symbol : Coffee Marklet close now
0	21:56:27.235	BuyAndSell NAS100,H1: current symbol : NAS100 Marklet close now
0	21:56:27.235	BuyAndSell AUS200,H1: current symbol : AUS200 Marklet close now
0	21:56:29.149	BuyAndSell EURUSD,H1: current symbol : EURUSD Marklet close now
0	21:56:30.242	BuyAndSell Coffee,Daily: current symbol : Coffee Marklet close now
0	21:56:30.242	BuyAndSell NAS100,H1: current symbol : NAS100 Marklet close now
0	21:56:30.242	BuyAndSell AUS200,H1: current symbol : AUS200 Marklet close now
0	21:56:32.149	BuyAndSell EURUSD,H1: current symbol : EURUSD Marklet close now
0	21:56:33.249	BuyAndSell Coffee,Daily: current symbol : Coffee Marklet close now
0	21:56:33.249	BuyAndSell NAS100,H1: current symbol : NAS100 Marklet close now
0	21:56:33.249	BuyAndSell AUS200,H1: current symbol : AUS200 Marklet close now
0	21:56:35.150	BuyAndSell EURUSD,H1: current symbol : EURUSD Marklet close now
0	21:56:36.251	BuyAndSell Coffee,Daily: current symbol : Coffee Marklet close now
0	21:56:36.251	BuyAndSell NAS100,H1: current symbol : NAS100 Marklet close now
0	21:56:36.251	BuyAndSell AUS200,H1: current symbol : AUS200 Marklet close now
0	21:56:38.147	BuyAndSell EURUSD,H1: current symbol : EURUSD Marklet close now
0	21:56:39.257	BuyAndSell Coffee,Daily: current symbol : Coffee Marklet close now
0	21:56:39.257	BuyAndSell NAS100,H1: current symbol : NAS100 Marklet close now
0	21:56:39.257	BuyAndSell AUS200,H1: current symbol : AUS200 Marklet close now
0	21:56:41.154	BuyAndSell EURUSD,H1: current symbol : EURUSD Marklet close now
0	21:56:42.266	BuyAndSell Coffee,Daily: current symbol : Coffee Marklet close now
0	21:56:42.266	BuyAndSell NAS100,H1: current symbol : NAS100 Marklet close now
0	21:56:42.266	BuyAndSell AUS200,H1: current symbol : AUS200 Marklet close now
0	21:56:44.156	BuyAndSell EURUSD,H1: current symbol : EURUSD Marklet close now
0	21:56:45.276	BuyAndSell Coffee,Daily: current symbol : Coffee Marklet close now
0	21:56:45.276	BuyAndSell NAS100,H1: current symbol : NAS100 Marklet close now
0	21:56:45.276	BuyAndSell AUS200,H1: current symbol : AUS200 Marklet close now
0	21:56:47.155	BuyAndSell EURUSD,H1: current symbol : EURUSD Marklet close now
0	21:56:48.276	BuyAndSell Coffee,Daily: current symbol : Coffee Marklet close now
0	21:56:48.276	BuyAndSell NAS100,H1: current symbol : NAS100 Marklet close now
0	21:56:48.276	BuyAndSell AUS200,H1: current symbol : AUS200 Marklet close now
0	21:56:50.159	BuyAndSell EURUSD,H1: current symbol : EURUSD Marklet close now
0	21:56:51.292	BuyAndSell Coffee,Daily: current symbol : Coffee Marklet close now
0	21:56:51.292	BuyAndSell NAS100,H1: current symbol : NAS100 Marklet close now
0	21:56:51.292	BuyAndSell AUS200,H1: current symbol : AUS200 Marklet close now
0	21:56:53.152	BuyAndSell EURUSD,H1: current symbol : EURUSD Marklet close now
0	21:56:54.310	BuyAndSell Coffee,Daily: current symbol : Coffee Marklet close now
0	21:56:54.310	BuyAndSell NAS100,H1: current symbol : NAS100 Marklet close now
0	21:56:54.310	BuyAndSell AUS200,H1: current symbol : AUS200 Marklet close now
0	21:56:56.147	BuyAndSell EURUSD,H1: current symbol : EURUSD Marklet close now
0	21:56:57.319	BuyAndSell Coffee,Daily: current symbol : Coffee Marklet close now
0	21:56:57.319	BuyAndSell NAS100,H1: current symbol : NAS100 Marklet close now
0	21:56:57.319	BuyAndSell AUS200,H1: current symbol : AUS200 Marklet close now
0	21:56:59.144	BuyAndSell EURUSD,H1: current symbol : EURUSD Marklet close now
0	21:57:00.324	BuyAndSell Coffee,Daily: current symbol : Coffee Marklet close now
0	21:57:00.324	BuyAndSell NAS100,H1: current symbol : NAS100 Marklet close now
0	21:57:00.324	BuyAndSell AUS200,H1: current symbol : AUS200 Marklet close now
0	21:57:02.167	BuyAndSell EURUSD,H1: current symbol : EURUSD Marklet close now
0	21:57:03.331	BuyAndSell Coffee,Daily: current symbol : Coffee Marklet close now
0	21:57:03.331	BuyAndSell NAS100,H1: current symbol : NAS100 Marklet close now
0	21:57:03.331	BuyAndSell AUS200,H1: current symbol : AUS200 Marklet close now
0	21:57:05.162	BuyAndSell EURUSD,H1: current symbol : EURUSD Marklet close now
0	21:57:06.329	BuyAndSell Coffee,Daily: current symbol : Coffee Marklet close now
0	21:57:06.329	BuyAndSell NAS100,H1: current symbol : NAS100 Marklet close now
0	21:57:06.329	BuyAndSell AUS200,H1: current symbol : AUS200 Marklet close now
0	21:57:08.166	BuyAndSell EURUSD,H1: current symbol : EURUSD Marklet close now
0	21:57:09.330	BuyAndSell Coffee,Daily: current symbol : Coffee Marklet close now
0	21:57:09.330	BuyAndSell NAS100,H1: current symbol : NAS100 Marklet close now
0	21:57:09.330	BuyAndSell AUS200,H1: current symbol : AUS200 Marklet close now
0	21:57:11.173	BuyAndSell EURUSD,H1: current symbol : EURUSD Marklet close now
0	21:57:12.323	BuyAndSell Coffee,Daily: current symbol : Coffee Marklet close now
0	21:57:12.323	BuyAndSell NAS100,H1: current symbol : NAS100 Marklet close now
0	21:57:12.323	BuyAndSell AUS200,H1: current symbol : AUS200 Marklet close now
0	21:57:14.189	BuyAndSell EURUSD,H1: current symbol : EURUSD Marklet close now
0	21:57:15.345	BuyAndSell Coffee,Daily: current symbol : Coffee Marklet close now
0	21:57:15.345	BuyAndSell NAS100,H1: current symbol : NAS100 Marklet close now
0	21:57:15.345	BuyAndSell AUS200,H1: current symbol : AUS200 Marklet close now
0	21:57:17.201	BuyAndSell EURUSD,H1: current symbol : EURUSD Marklet close now
0	21:57:18.349	BuyAndSell Coffee,Daily: current symbol : Coffee Marklet close now
0	21:57:18.349	BuyAndSell NAS100,H1: current symbol : NAS100 Marklet close now
0	21:57:18.349	BuyAndSell AUS200,H1: current symbol : AUS200 Marklet close now
0	21:57:20.216	BuyAndSell EURUSD,H1: current symbol : EURUSD Marklet close now
0	21:57:21.349	BuyAndSell Coffee,Daily: current symbol : Coffee Marklet close now
0	21:57:21.349	BuyAndSell NAS100,H1: current symbol : NAS100 Marklet close now
0	21:57:21.349	BuyAndSell AUS200,H1: current symbol : AUS200 Marklet close now
0	21:57:23.233	BuyAndSell EURUSD,H1: current symbol : EURUSD Marklet close now
0	21:57:24.359	BuyAndSell Coffee,Daily: current symbol : Coffee Marklet close now
0	21:57:24.359	BuyAndSell NAS100,H1: current symbol : NAS100 Marklet close now
0	21:57:24.359	BuyAndSell AUS200,H1: current symbol : AUS200 Marklet close now
0	21:57:26.227	BuyAndSell EURUSD,H1: current symbol : EURUSD Marklet close now
0	21:57:27.348	BuyAndSell NAS100,H1: current symbol : NAS100 Marklet close now
0	21:57:27.348	BuyAndSell Coffee,Daily: current symbol : Coffee Marklet close now
0	21:57:27.348	BuyAndSell AUS200,H1: current symbol : AUS200 Marklet close now
0	21:57:29.223	BuyAndSell EURUSD,H1: current symbol : EURUSD Marklet close now
0	21:57:30.357	BuyAndSell Coffee,Daily: current symbol : Coffee Marklet close now
0	21:57:30.357	BuyAndSell NAS100,H1: current symbol : NAS100 Marklet close now
0	21:57:30.357	BuyAndSell AUS200,H1: current symbol : AUS200 Marklet close now
0	21:57:32.223	BuyAndSell EURUSD,H1: current symbol : EURUSD Marklet close now
0	21:57:33.348	BuyAndSell Coffee,Daily: current symbol : Coffee Marklet close now
0	21:57:33.348	BuyAndSell NAS100,H1: current symbol : NAS100 Marklet close now
0	21:57:33.348	BuyAndSell AUS200,H1: current symbol : AUS200 Marklet close now
0	21:57:35.222	BuyAndSell EURUSD,H1: current symbol : EURUSD Marklet close now
0	21:57:36.355	BuyAndSell Coffee,Daily: current symbol : Coffee Marklet close now
0	21:57:36.355	BuyAndSell NAS100,H1: current symbol : NAS100 Marklet close now
0	21:57:36.355	BuyAndSell AUS200,H1: current symbol : AUS200 Marklet close now
0	21:57:38.230	BuyAndSell EURUSD,H1: current symbol : EURUSD Marklet close now
0	21:57:39.348	BuyAndSell Coffee,Daily: current symbol : Coffee Marklet close now
0	21:57:39.348	BuyAndSell NAS100,H1: current symbol : NAS100 Marklet close now
0	21:57:39.348	BuyAndSell AUS200,H1: current symbol : AUS200 Marklet close now
0	21:57:41.230	BuyAndSell EURUSD,H1: current symbol : EURUSD Marklet close now
0	21:57:42.362	BuyAndSell Coffee,Daily: current symbol : Coffee Marklet close now
0	21:57:42.362	BuyAndSell NAS100,H1: current symbol : NAS100 Marklet close now
0	21:57:42.362	BuyAndSell AUS200,H1: current symbol : AUS200 Marklet close now
0	21:57:44.230	BuyAndSell EURUSD,H1: current symbol : EURUSD Marklet close now
0	21:57:45.347	BuyAndSell Coffee,Daily: current symbol : Coffee Marklet close now
0	21:57:45.347	BuyAndSell AUS200,H1: current symbol : AUS200 Marklet close now
0	21:57:45.347	BuyAndSell NAS100,H1: current symbol : NAS100 Marklet close now
0	21:57:47.229	BuyAndSell EURUSD,H1: current symbol : EURUSD Marklet close now
0	21:57:48.347	BuyAndSell Coffee,Daily: current symbol : Coffee Marklet close now
0	21:57:48.347	BuyAndSell NAS100,H1: current symbol : NAS100 Marklet close now
0	21:57:48.347	BuyAndSell AUS200,H1: current symbol : AUS200 Marklet close now
0	21:57:50.230	BuyAndSell EURUSD,H1: current symbol : EURUSD Marklet close now
0	21:57:51.370	BuyAndSell Coffee,Daily: current symbol : Coffee Marklet close now
0	21:57:51.370	BuyAndSell NAS100,H1: current symbol : NAS100 Marklet close now
0	21:57:51.370	BuyAndSell AUS200,H1: current symbol : AUS200 Marklet close now
0	21:57:53.234	BuyAndSell EURUSD,H1: current symbol : EURUSD Marklet close now
0	21:57:54.367	BuyAndSell Coffee,Daily: current symbol : Coffee Marklet close now
0	21:57:54.367	BuyAndSell NAS100,H1: current symbol : NAS100 Marklet close now
0	21:57:54.367	BuyAndSell AUS200,H1: current symbol : AUS200 Marklet close now
0	21:57:56.226	BuyAndSell EURUSD,H1: current symbol : EURUSD Marklet close now
0	21:57:57.391	BuyAndSell Coffee,Daily: current symbol : Coffee Marklet close now
0	21:57:57.391	BuyAndSell NAS100,H1: current symbol : NAS100 Marklet close now
0	21:57:57.391	BuyAndSell AUS200,H1: current symbol : AUS200 Marklet close now
0	21:57:59.226	BuyAndSell EURUSD,H1: current symbol : EURUSD Marklet close now
0	21:58:00.404	BuyAndSell NAS100,H1: current symbol : NAS100 Marklet close now
0	21:58:00.404	BuyAndSell Coffee,Daily: current symbol : Coffee Marklet close now
0	21:58:00.404	BuyAndSell AUS200,H1: current symbol : AUS200 Marklet close now
0	21:58:02.224	BuyAndSell EURUSD,H1: current symbol : EURUSD Marklet close now
0	21:58:03.402	BuyAndSell Coffee,Daily: current symbol : Coffee Marklet close now
0	21:58:03.402	BuyAndSell NAS100,H1: current symbol : NAS100 Marklet close now
0	21:58:03.402	BuyAndSell AUS200,H1: current symbol : AUS200 Marklet close now
0	21:58:05.231	BuyAndSell EURUSD,H1: current symbol : EURUSD Marklet close now
0	21:58:06.395	BuyAndSell Coffee,Daily: current symbol : Coffee Marklet close now
0	21:58:06.395	BuyAndSell NAS100,H1: current symbol : NAS100 Marklet close now
0	21:58:06.395	BuyAndSell AUS200,H1: current symbol : AUS200 Marklet close now
0	21:58:08.236	BuyAndSell EURUSD,H1: current symbol : EURUSD Marklet close now
0	21:58:09.408	BuyAndSell Coffee,Daily: current symbol : Coffee Marklet close now
0	21:58:09.408	BuyAndSell NAS100,H1: current symbol : NAS100 Marklet close now
0	21:58:09.408	BuyAndSell AUS200,H1: current symbol : AUS200 Marklet close now
0	21:58:11.226	BuyAndSell EURUSD,H1: current symbol : EURUSD Marklet close now
0	21:58:12.406	BuyAndSell Coffee,Daily: current symbol : Coffee Marklet close now
0	21:58:12.406	BuyAndSell NAS100,H1: current symbol : NAS100 Marklet close now
0	21:58:12.406	BuyAndSell AUS200,H1: current symbol : AUS200 Marklet close now
0	21:58:14.225	BuyAndSell EURUSD,H1: current symbol : EURUSD Marklet close now
0	21:58:15.405	BuyAndSell Coffee,Daily: current symbol : Coffee Marklet close now
0	21:58:15.405	BuyAndSell NAS100,H1: current symbol : NAS100 Marklet close now
0	21:58:15.405	BuyAndSell AUS200,H1: current symbol : AUS200 Marklet close now
0	21:58:17.226	BuyAndSell EURUSD,H1: current symbol : EURUSD Marklet close now
0	21:58:18.397	BuyAndSell Coffee,Daily: current symbol : Coffee Marklet close now
0	21:58:18.397	BuyAndSell NAS100,H1: current symbol : NAS100 Marklet close now
0	21:58:18.397	BuyAndSell AUS200,H1: current symbol : AUS200 Marklet close now
0	21:58:20.227	BuyAndSell EURUSD,H1: current symbol : EURUSD Marklet close now
0	21:58:21.404	BuyAndSell Coffee,Daily: current symbol : Coffee Marklet close now
0	21:58:21.404	BuyAndSell NAS100,H1: current symbol : NAS100 Marklet close now
0	21:58:21.404	BuyAndSell AUS200,H1: current symbol : AUS200 Marklet close now
0	21:58:23.232	BuyAndSell EURUSD,H1: current symbol : EURUSD Marklet close now
0	21:58:24.398	BuyAndSell Coffee,Daily: current symbol : Coffee Marklet close now
0	21:58:24.398	BuyAndSell NAS100,H1: current symbol : NAS100 Marklet close now
0	21:58:24.398	BuyAndSell AUS200,H1: current symbol : AUS200 Marklet close now
0	21:58:26.224	BuyAndSell EURUSD,H1: current symbol : EURUSD Marklet close now
0	21:58:27.395	BuyAndSell Coffee,Daily: current symbol : Coffee Marklet close now
0	21:58:27.395	BuyAndSell NAS100,H1: current symbol : NAS100 Marklet close now
0	21:58:27.395	BuyAndSell AUS200,H1: current symbol : AUS200 Marklet close now
0	21:58:29.243	BuyAndSell EURUSD,H1: current symbol : EURUSD Marklet close now
0	21:58:30.418	BuyAndSell Coffee,Daily: current symbol : Coffee Marklet close now
0	21:58:30.418	BuyAndSell NAS100,H1: current symbol : NAS100 Marklet close now
0	21:58:30.418	BuyAndSell AUS200,H1: current symbol : AUS200 Marklet close now
0	21:58:32.246	BuyAndSell EURUSD,H1: current symbol : EURUSD Marklet close now
0	21:58:33.411	BuyAndSell Coffee,Daily: current symbol : Coffee Marklet close now
0	21:58:33.411	BuyAndSell NAS100,H1: current symbol : NAS100 Marklet close now
0	21:58:33.411	BuyAndSell AUS200,H1: current symbol : AUS200 Marklet close now
0	21:58:35.262	BuyAndSell EURUSD,H1: current symbol : EURUSD Marklet close now
0	21:58:36.426	BuyAndSell Coffee,Daily: current symbol : Coffee Marklet close now
0	21:58:36.426	BuyAndSell NAS100,H1: current symbol : NAS100 Marklet close now
0	21:58:36.426	BuyAndSell AUS200,H1: current symbol : AUS200 Marklet close now
0	21:58:38.294	BuyAndSell EURUSD,H1: current symbol : EURUSD Marklet close now
0	21:58:39.443	BuyAndSell Coffee,Daily: current symbol : Coffee Marklet close now
0	21:58:39.443	BuyAndSell NAS100,H1: current symbol : NAS100 Marklet close now
0	21:58:39.443	BuyAndSell AUS200,H1: current symbol : AUS200 Marklet close now
0	21:58:41.287	BuyAndSell EURUSD,H1: current symbol : EURUSD Marklet close now
0	21:58:42.454	BuyAndSell Coffee,Daily: current symbol : Coffee Marklet close now
0	21:58:42.454	BuyAndSell NAS100,H1: current symbol : NAS100 Marklet close now
0	21:58:42.454	BuyAndSell AUS200,H1: current symbol : AUS200 Marklet close now
0	21:58:44.306	BuyAndSell EURUSD,H1: current symbol : EURUSD Marklet close now
0	21:58:45.447	BuyAndSell Coffee,Daily: current symbol : Coffee Marklet close now
0	21:58:45.447	BuyAndSell NAS100,H1: current symbol : NAS100 Marklet close now
0	21:58:45.447	BuyAndSell AUS200,H1: current symbol : AUS200 Marklet close now
0	21:58:47.316	BuyAndSell EURUSD,H1: current symbol : EURUSD Marklet close now
0	21:58:48.450	BuyAndSell Coffee,Daily: current symbol : Coffee Marklet close now
0	21:58:48.450	BuyAndSell NAS100,H1: current symbol : NAS100 Marklet close now
0	21:58:48.450	BuyAndSell AUS200,H1: current symbol : AUS200 Marklet close now
0	21:58:50.331	BuyAndSell EURUSD,H1: current symbol : EURUSD Marklet close now
0	21:58:51.450	BuyAndSell Coffee,Daily: current symbol : Coffee Marklet close now
0	21:58:51.450	BuyAndSell NAS100,H1: current symbol : NAS100 Marklet close now
0	21:58:51.450	BuyAndSell AUS200,H1: current symbol : AUS200 Marklet close now
0	21:58:53.334	BuyAndSell EURUSD,H1: current symbol : EURUSD Marklet close now
0	21:58:54.444	BuyAndSell Coffee,Daily: current symbol : Coffee Marklet close now
0	21:58:54.444	BuyAndSell NAS100,H1: current symbol : NAS100 Marklet close now
0	21:58:54.444	BuyAndSell AUS200,H1: current symbol : AUS200 Marklet close now
0	21:58:56.333	BuyAndSell EURUSD,H1: current symbol : EURUSD Marklet close now
0	21:58:57.450	BuyAndSell Coffee,Daily: current symbol : Coffee Marklet close now
0	21:58:57.450	BuyAndSell NAS100,H1: current symbol : NAS100 Marklet close now
0	21:58:57.450	BuyAndSell AUS200,H1: current symbol : AUS200 Marklet close now
0	21:58:59.356	BuyAndSell EURUSD,H1: current symbol : EURUSD Marklet close now
0	21:59:00.456	BuyAndSell Coffee,Daily: current symbol : Coffee Marklet close now
0	21:59:00.456	BuyAndSell NAS100,H1: current symbol : NAS100 Marklet close now
0	21:59:00.456	BuyAndSell AUS200,H1: current symbol : AUS200 Marklet close now
0	21:59:02.371	BuyAndSell EURUSD,H1: current symbol : EURUSD Marklet close now
0	21:59:03.441	BuyAndSell Coffee,Daily: current symbol : Coffee Marklet close now
0	21:59:03.441	BuyAndSell NAS100,H1: current symbol : NAS100 Marklet close now
0	21:59:03.441	BuyAndSell AUS200,H1: current symbol : AUS200 Marklet close now
0	21:59:05.370	BuyAndSell EURUSD,H1: current symbol : EURUSD Marklet close now
0	21:59:06.443	BuyAndSell Coffee,Daily: current symbol : Coffee Marklet close now
0	21:59:06.443	BuyAndSell NAS100,H1: current symbol : NAS100 Marklet close now
0	21:59:06.443	BuyAndSell AUS200,H1: current symbol : AUS200 Marklet close now
0	21:59:08.365	BuyAndSell EURUSD,H1: current symbol : EURUSD Marklet close now
0	21:59:09.451	BuyAndSell Coffee,Daily: current symbol : Coffee Marklet close now
0	21:59:09.451	BuyAndSell NAS100,H1: current symbol : NAS100 Marklet close now
0	21:59:09.451	BuyAndSell AUS200,H1: current symbol : AUS200 Marklet close now
0	21:59:11.364	BuyAndSell EURUSD,H1: current symbol : EURUSD Marklet close now
0	21:59:12.457	BuyAndSell Coffee,Daily: current symbol : Coffee Marklet close now
0	21:59:12.457	BuyAndSell NAS100,H1: current symbol : NAS100 Marklet close now
0	21:59:12.457	BuyAndSell AUS200,H1: current symbol : AUS200 Marklet close now
0	21:59:14.372	BuyAndSell EURUSD,H1: current symbol : EURUSD Marklet close now
0	21:59:15.472	BuyAndSell Coffee,Daily: current symbol : Coffee Marklet close now
0	21:59:15.472	BuyAndSell NAS100,H1: current symbol : NAS100 Marklet close now
0	21:59:15.472	BuyAndSell AUS200,H1: current symbol : AUS200 Marklet close now
0	21:59:17.367	BuyAndSell EURUSD,H1: current symbol : EURUSD Marklet close now
0	21:59:18.484	BuyAndSell Coffee,Daily: current symbol : Coffee Marklet close now
0	21:59:18.484	BuyAndSell NAS100,H1: current symbol : NAS100 Marklet close now
0	21:59:18.484	BuyAndSell AUS200,H1: current symbol : AUS200 Marklet close now
0	21:59:20.366	BuyAndSell EURUSD,H1: current symbol : EURUSD Marklet close now
0	21:59:21.475	BuyAndSell Coffee,Daily: current symbol : Coffee Marklet close now
0	21:59:21.475	BuyAndSell NAS100,H1: current symbol : NAS100 Marklet close now
0	21:59:21.475	BuyAndSell AUS200,H1: current symbol : AUS200 Marklet close now
0	21:59:23.371	BuyAndSell EURUSD,H1: current symbol : EURUSD Marklet close now
0	21:59:24.482	BuyAndSell Coffee,Daily: current symbol : Coffee Marklet close now
0	21:59:24.482	BuyAndSell NAS100,H1: current symbol : NAS100 Marklet close now
0	21:59:24.482	BuyAndSell AUS200,H1: current symbol : AUS200 Marklet close now
0	21:59:26.388	BuyAndSell EURUSD,H1: current symbol : EURUSD Marklet close now
0	21:59:27.473	BuyAndSell Coffee,Daily: current symbol : Coffee Marklet close now
0	21:59:27.473	BuyAndSell NAS100,H1: current symbol : NAS100 Marklet close now
0	21:59:27.473	BuyAndSell AUS200,H1: current symbol : AUS200 Marklet close now
0	21:59:29.394	BuyAndSell EURUSD,H1: current symbol : EURUSD Marklet close now
0	21:59:30.487	BuyAndSell Coffee,Daily: current symbol : Coffee Marklet close now
0	21:59:30.487	BuyAndSell NAS100,H1: current symbol : NAS100 Marklet close now
0	21:59:30.487	BuyAndSell AUS200,H1: current symbol : AUS200 Marklet close now
0	21:59:32.402	BuyAndSell EURUSD,H1: current symbol : EURUSD Marklet close now
0	21:59:33.479	BuyAndSell Coffee,Daily: current symbol : Coffee Marklet close now
0	21:59:33.479	BuyAndSell NAS100,H1: current symbol : NAS100 Marklet close now
0	21:59:33.479	BuyAndSell AUS200,H1: current symbol : AUS200 Marklet close now
0	21:59:35.400	BuyAndSell EURUSD,H1: current symbol : EURUSD Marklet close now
0	21:59:36.517	BuyAndSell Coffee,Daily: current symbol : Coffee Marklet close now
0	21:59:36.517	BuyAndSell NAS100,H1: current symbol : NAS100 Marklet close now
0	21:59:36.517	BuyAndSell AUS200,H1: current symbol : AUS200 Marklet close now
0	21:59:38.405	BuyAndSell EURUSD,H1: current symbol : EURUSD Marklet close now
0	21:59:39.484	BuyAndSell Coffee,Daily: current symbol : Coffee Marklet close now
0	21:59:39.484	BuyAndSell NAS100,H1: current symbol : NAS100 Marklet close now
0	21:59:39.484	BuyAndSell AUS200,H1: current symbol : AUS200 Marklet close now
0	21:59:41.413	BuyAndSell EURUSD,H1: current symbol : EURUSD Marklet close now
0	21:59:42.483	BuyAndSell Coffee,Daily: current symbol : Coffee Marklet close now
0	21:59:42.483	BuyAndSell NAS100,H1: current symbol : NAS100 Marklet close now
0	21:59:42.483	BuyAndSell AUS200,H1: current symbol : AUS200 Marklet close now
0	21:59:44.411	BuyAndSell EURUSD,H1: current symbol : EURUSD Marklet close now
0	21:59:45.479	BuyAndSell Coffee,Daily: current symbol : Coffee Marklet close now
0	21:59:45.479	BuyAndSell AUS200,H1: current symbol : AUS200 Marklet close now
0	21:59:45.479	BuyAndSell NAS100,H1: current symbol : NAS100 Marklet close now
0	21:59:47.424	BuyAndSell EURUSD,H1: current symbol : EURUSD Marklet close now
0	21:59:48.482	BuyAndSell Coffee,Daily: current symbol : Coffee Marklet close now
0	21:59:48.482	BuyAndSell NAS100,H1: current symbol : NAS100 Marklet close now
0	21:59:48.482	BuyAndSell AUS200,H1: current symbol : AUS200 Marklet close now
0	21:59:50.426	BuyAndSell EURUSD,H1: current symbol : EURUSD Marklet close now
0	21:59:51.482	BuyAndSell Coffee,Daily: current symbol : Coffee Marklet close now
0	21:59:51.482	BuyAndSell NAS100,H1: current symbol : NAS100 Marklet close now
0	21:59:51.482	BuyAndSell AUS200,H1: current symbol : AUS200 Marklet close now
0	21:59:53.435	BuyAndSell EURUSD,H1: current symbol : EURUSD Marklet close now
0	21:59:54.488	BuyAndSell Coffee,Daily: current symbol : Coffee Marklet close now
0	21:59:54.488	BuyAndSell NAS100,H1: current symbol : NAS100 Marklet close now
0	21:59:54.488	BuyAndSell AUS200,H1: current symbol : AUS200 Marklet close now
0	21:59:56.437	BuyAndSell EURUSD,H1: current symbol : EURUSD Marklet close now
0	21:59:57.484	BuyAndSell Coffee,Daily: current symbol : Coffee Marklet close now
0	21:59:57.484	BuyAndSell NAS100,H1: current symbol : NAS100 Marklet close now
0	21:59:57.484	BuyAndSell AUS200,H1: current symbol : AUS200 Marklet close now
0	21:59:59.430	BuyAndSell EURUSD,H1: current symbol : EURUSD Marklet close now
0	22:00:00.484	BuyAndSell Coffee,Daily: current symbol : Coffee Marklet close now
0	22:00:00.484	BuyAndSell NAS100,H1: current symbol : NAS100 Marklet close now
0	22:00:00.484	BuyAndSell AUS200,H1: current symbol : AUS200 Marklet close now
0	22:00:02.428	BuyAndSell EURUSD,H1: current symbol : EURUSD Marklet close now
0	22:00:03.486	BuyAndSell Coffee,Daily: current symbol : Coffee Marklet close now
0	22:00:03.486	BuyAndSell NAS100,H1: current symbol : NAS100 Marklet close now
0	22:00:03.486	BuyAndSell AUS200,H1: current symbol : AUS200 Marklet close now
0	22:00:05.448	BuyAndSell EURUSD,H1: current symbol : EURUSD Marklet close now
0	22:00:06.480	BuyAndSell Coffee,Daily: current symbol : Coffee Marklet close now
0	22:00:06.480	BuyAndSell NAS100,H1: current symbol : NAS100 Marklet close now
0	22:00:06.480	BuyAndSell AUS200,H1: current symbol : AUS200 Marklet close now
0	22:00:08.447	BuyAndSell EURUSD,H1: current symbol : EURUSD Marklet close now
0	22:00:09.488	BuyAndSell Coffee,Daily: current symbol : Coffee Marklet close now
0	22:00:09.488	BuyAndSell NAS100,H1: current symbol : NAS100 Marklet close now
0	22:00:09.488	BuyAndSell AUS200,H1: current symbol : AUS200 Marklet close now
0	22:00:11.444	BuyAndSell EURUSD,H1: current symbol : EURUSD Marklet close now
0	22:00:12.496	BuyAndSell Coffee,Daily: current symbol : Coffee Marklet close now
0	22:00:12.496	BuyAndSell NAS100,H1: current symbol : NAS100 Marklet close now
0	22:00:12.496	BuyAndSell AUS200,H1: current symbol : AUS200 Marklet close now
0	22:00:14.450	BuyAndSell EURUSD,H1: current symbol : EURUSD Marklet close now
0	22:00:15.513	BuyAndSell Coffee,Daily: current symbol : Coffee Marklet close now
0	22:00:15.513	BuyAndSell NAS100,H1: current symbol : NAS100 Marklet close now
0	22:00:15.513	BuyAndSell AUS200,H1: current symbol : AUS200 Marklet close now
0	22:00:17.442	BuyAndSell EURUSD,H1: current symbol : EURUSD Marklet close now
0	22:00:18.506	BuyAndSell Coffee,Daily: current symbol : Coffee Marklet close now
0	22:00:18.506	BuyAndSell NAS100,H1: current symbol : NAS100 Marklet close now
0	22:00:18.506	BuyAndSell AUS200,H1: current symbol : AUS200 Marklet close now
0	22:00:20.443	BuyAndSell EURUSD,H1: current symbol : EURUSD Marklet close now
0	22:00:21.515	BuyAndSell Coffee,Daily: current symbol : Coffee Marklet close now
0	22:00:21.515	BuyAndSell NAS100,H1: current symbol : NAS100 Marklet close now
0	22:00:21.515	BuyAndSell AUS200,H1: current symbol : AUS200 Marklet close now
0	22:00:23.448	BuyAndSell EURUSD,H1: current symbol : EURUSD Marklet close now
0	22:00:24.518	BuyAndSell Coffee,Daily: current symbol : Coffee Marklet close now
0	22:00:24.518	BuyAndSell NAS100,H1: current symbol : NAS100 Marklet close now
0	22:00:24.518	BuyAndSell AUS200,H1: current symbol : AUS200 Marklet close now
0	22:00:26.445	BuyAndSell EURUSD,H1: current symbol : EURUSD Marklet close now
0	22:00:27.524	BuyAndSell Coffee,Daily: current symbol : Coffee Marklet close now
0	22:00:27.524	BuyAndSell NAS100,H1: current symbol : NAS100 Marklet close now
0	22:00:27.524	BuyAndSell AUS200,H1: current symbol : AUS200 Marklet close now
0	22:00:29.461	BuyAndSell EURUSD,H1: current symbol : EURUSD Marklet close now
0	22:00:30.540	BuyAndSell Coffee,Daily: current symbol : Coffee Marklet close now
0	22:00:30.540	BuyAndSell NAS100,H1: current symbol : NAS100 Marklet close now
0	22:00:30.540	BuyAndSell AUS200,H1: current symbol : AUS200 Marklet close now
0	22:00:32.463	BuyAndSell EURUSD,H1: current symbol : EURUSD Marklet close now
0	22:00:33.541	BuyAndSell Coffee,Daily: current symbol : Coffee Marklet close now
0	22:00:33.541	BuyAndSell NAS100,H1: current symbol : NAS100 Marklet close now
0	22:00:33.541	BuyAndSell AUS200,H1: current symbol : AUS200 Marklet close now
0	22:00:35.468	BuyAndSell EURUSD,H1: current symbol : EURUSD Marklet close now
0	22:00:36.535	BuyAndSell Coffee,Daily: current symbol : Coffee Marklet close now
0	22:00:36.535	BuyAndSell NAS100,H1: current symbol : NAS100 Marklet close now
0	22:00:36.535	BuyAndSell AUS200,H1: current symbol : AUS200 Marklet close now
0	22:00:38.479	BuyAndSell EURUSD,H1: current symbol : EURUSD Marklet close now
0	22:00:39.542	BuyAndSell Coffee,Daily: current symbol : Coffee Marklet close now
0	22:00:39.542	BuyAndSell NAS100,H1: current symbol : NAS100 Marklet close now
0	22:00:39.542	BuyAndSell AUS200,H1: current symbol : AUS200 Marklet close now
0	22:00:41.483	BuyAndSell EURUSD,H1: current symbol : EURUSD Marklet close now
0	22:00:42.540	BuyAndSell Coffee,Daily: current symbol : Coffee Marklet close now
0	22:00:42.540	BuyAndSell NAS100,H1: current symbol : NAS100 Marklet close now
0	22:00:42.540	BuyAndSell AUS200,H1: current symbol : AUS200 Marklet close now
0	22:00:44.478	BuyAndSell EURUSD,H1: current symbol : EURUSD Marklet close now
0	22:00:45.548	BuyAndSell Coffee,Daily: current symbol : Coffee Marklet close now
0	22:00:45.548	BuyAndSell NAS100,H1: current symbol : NAS100 Marklet close now
0	22:00:45.548	BuyAndSell AUS200,H1: current symbol : AUS200 Marklet close now
0	22:00:47.482	BuyAndSell EURUSD,H1: current symbol : EURUSD Marklet close now
0	22:00:48.547	BuyAndSell Coffee,Daily: current symbol : Coffee Marklet close now
0	22:00:48.547	BuyAndSell AUS200,H1: current symbol : AUS200 Marklet close now
0	22:00:48.547	BuyAndSell NAS100,H1: current symbol : NAS100 Marklet close now
