0	10:10:10.549	Custom indicator Market\Info Plus CHINA50.fs,H4: loaded successfully
0	10:10:12.890	Info Plus CHINA50.fs,H4: initialized
0	10:10:41.214	Custom indicator Market\Info Plus CHINA50.fs,H4: loaded successfully
0	10:11:22.664	Info Plus CHINA50.fs,H4: initialized
0	10:11:39.909	Custom indicator Market\Info Plus CHINA50.fs,H4: loaded successfully
0	10:11:47.087	Info Plus CHINA50.fs,H4: initialized
0	10:11:55.973	Custom indicator Market\Info Plus CHINA50.fs,H4: loaded successfully
0	10:11:59.631	Custom indicator Info Plus CHINA50.fs,H4: removed
0	10:12:18.200	Info Plus CHINA50.fs,H4: uninit reason 1
0	10:12:18.202	Custom indicator Info Plus CHINA50.fs,H4: removed
0	10:12:20.841	Info Plus CHINA50.fs,H4: uninit reason 1
0	10:12:20.842	Custom indicator Info Plus CHINA50.fs,H4: removed
0	10:12:22.345	Info Plus CHINA50.fs,H4: uninit reason 1
0	10:12:22.347	Custom indicator Info Plus CHINA50.fs,H4: removed
0	10:12:31.892	Pip Value CHINA50.fs,H4: uninit reason 7
0	10:12:31.894	Custom indicator Pip Value CHINA50.fs,H4: removed
0	10:12:31.905	Custom indicator Market\Pip Value CHINA50.fs,H4: loaded successfully
0	10:12:31.921	Pip Value CHINA50.fs,H4: initialized
0	10:13:09.348	Custom indicator Market\Trading Volume CHINA50.fs,H4: loaded successfully
0	10:13:15.735	Trading Volume CHINA50.fs,H4: initialized
0	10:14:57.372	Custom indicator Market\Trading Volume CHINA50.fs,H4: loaded successfully
0	10:15:13.392	Trading Volume CHINA50.fs,H4: initialized
0	10:15:31.159	Custom indicator Market\Trading Volume NAS100.fs,Daily: loaded successfully
0	10:15:42.429	Trading Volume NAS100.fs,Daily: initialized
0	15:10:01.828	Custom indicator Market\Trading Volume EURZAR,Daily: loaded successfully
0	15:10:03.731	Trading Volume EURZAR,Daily: initialized
0	15:14:40.072	Trading Volume CHINA50.fs,H4: uninit reason 1
0	15:14:40.074	Custom indicator Trading Volume CHINA50.fs,H4: removed
0	15:14:42.128	Trading Volume CHINA50.fs,H4: uninit reason 1
0	15:14:42.130	Custom indicator Trading Volume CHINA50.fs,H4: removed
0	15:16:48.442	Pip Value CHINA50.fs,H4: uninit reason 3
0	15:16:48.442	Pip Value CHINA50.fs,Daily: initialized
0	15:17:46.622	Pip Value NAS100.fs,Daily: uninit reason 7
0	15:17:46.624	Pip Value NAS100.fs,Daily: uninit reason 7
0	15:17:46.624	Pip Value NAS100.fs,Daily: uninit reason 7
0	15:17:46.625	Trading Volume NAS100.fs,Daily: uninit reason 7
0	15:17:46.627	Custom indicator Pip Value NAS100.fs,Daily: removed
0	15:17:46.629	Custom indicator Pip Value NAS100.fs,Daily: removed
0	15:17:46.631	Custom indicator Pip Value NAS100.fs,Daily: removed
0	15:17:46.633	Custom indicator Trading Volume NAS100.fs,Daily: removed
0	15:17:46.645	Custom indicator Market\Pip Value NAS100.fs,Daily: loaded successfully
0	15:17:46.660	Pip Value NAS100.fs,Daily: initialized
0	21:23:30.251	Pip Value COPPER.fs,Daily: uninit reason 3
0	21:23:30.262	Pip Value COPPER.fs,Weekly: initialized
0	21:23:48.451	Pip Value COFFEE.fs,Daily: uninit reason 3
0	21:23:48.457	Pip Value COFFEE.fs,Weekly: initialized
0	21:26:58.586	Pip Value CHINA50.fs,Daily: uninit reason 3
0	21:26:58.595	Pip Value CHINA50.fs,M15: initialized
0	21:27:13.793	Pip Value CHINA50.fs,M15: uninit reason 3
0	21:27:13.794	Pip Value CHINA50.fs,H1: initialized
0	21:27:15.354	Pip Value CHINA50.fs,H1: uninit reason 3
0	21:27:15.354	Pip Value CHINA50.fs,H4: initialized
0	21:34:09.378	Pip Value CHINA50.fs,H4: uninit reason 3
0	21:34:09.378	Pip Value CHINA50.fs,H1: initialized
0	21:34:11.687	Pip Value CHINA50.fs,H1: uninit reason 3
0	21:34:11.687	Pip Value CHINA50.fs,H4: initialized
0	21:34:12.097	Pip Value CHINA50.fs,H4: uninit reason 3
0	21:34:12.097	Pip Value CHINA50.fs,Daily: initialized
0	21:34:13.645	Pip Value CHINA50.fs,Daily: uninit reason 3
0	21:34:13.645	Pip Value CHINA50.fs,H4: initialized
0	21:34:27.141	Pip Value CHINA50.fs,H4: uninit reason 3
0	21:34:27.141	Pip Value CHINA50.fs,H1: initialized
0	21:35:18.594	Pip Value CHINA50.fs,H1: uninit reason 3
0	21:35:18.595	Pip Value CHINA50.fs,H4: initialized
